{"name": "test_resend_verification_code", "status": "broken", "statusDetails": {"message": "selenium.common.exceptions.NoSuchElementException: Message: no such element: Unable to locate element: {\"method\":\"css selector\",\"selector\":\"[class=\"form-control \"]\"}\n  (Session info: chrome=120.0.6099.130); For documentation on this error, please visit: https://www.selenium.dev/documentation/webdriver/troubleshooting/errors#no-such-element-exception\nStacktrace:\n\tGetHandleVerifier [0x00E76EE3+174339]\n\t(No symbol) [0x00DA0A51]\n\t(No symbol) [0x00AB6FF6]\n\t(No symbol) [0x00AE9876]\n\t(No symbol) [0x00AE9C2C]\n\t(No symbol) [0x00B1BD42]\n\t(No symbol) [0x00B07054]\n\t(No symbol) [0x00B1A104]\n\t(No symbol) [0x00B06DA6]\n\t(No symbol) [0x00AE1034]\n\t(No symbol) [0x00AE1F8D]\n\tGetHandleVerifier [0x00F14B1C+820540]\n\tsqlite3_dbdata_init [0x00FD53EE+653550]\n\tsqlite3_dbdata_init [0x00FD4E09+652041]\n\tsqlite3_dbdata_init [0x00FC97CC+605388]\n\tsqlite3_dbdata_init [0x00FD5D9B+656027]\n\t(No symbol) [0x00DAFE6C]\n\t(No symbol) [0x00DA83B8]\n\t(No symbol) [0x00DA84DD]\n\t(No symbol) [0x00D95818]\n\tBaseThreadInitThunk [0x75547BA9+25]\n\tRtlInitializeExceptionChain [0x7732BD2B+107]\n\tRtlClearBits [0x7732BCAF+191]", "trace": "self = <tests.test_registration.RegistrationTests testMethod=test_resend_verification_code>\n\n    def test_resend_verification_code(self):\n        Actions.click_element(self, 'CLASS_NAME', register_login_button)\n        Actions.click_element(self, 'XPATH', registration_button)\n        self.my_driver.find_element(By.CSS_SELECTOR, employeeID).send_keys('123456')\n        Actions.click_element(self, 'CSS_SELECTOR', accept_terms_button)\n        random_phone = 972000205000\n        while True:\n>           Actions.registration_change_phone_number(self, random_phone)\n\ntests\\test_registration.py:143: \n_ _ _ _ _ _ _ _ _ _ _ _ _ _ _ _ _ _ _ _ _ _ _ _ _ _ _ _ _ _ _ _ _ _ _ _ _ _ _ _ _ _ _ _ _ _ _ _ _ _ _ _ _ _ _ _ _ _ _ _ _ _ _ _ _ _ _ _ _ _ _ _ _ _ _ _ _ _ _ _ _ _ _ _ _ _ _ _ _ _ _ _ _ _ _ _ _ _ _ _ _ \nact\\actions.py:43: in registration_change_phone_number\n    phone_input_field = self.my_driver.find_element(By.CSS_SELECTOR, enter_phone)\nvenv\\Lib\\site-packages\\selenium\\webdriver\\remote\\webdriver.py:742: in find_element\n    return self.execute(Command.FIND_ELEMENT, {\"using\": by, \"value\": value})[\"value\"]\nvenv\\Lib\\site-packages\\selenium\\webdriver\\remote\\webdriver.py:348: in execute\n    self.error_handler.check_response(response)\n_ _ _ _ _ _ _ _ _ _ _ _ _ _ _ _ _ _ _ _ _ _ _ _ _ _ _ _ _ _ _ _ _ _ _ _ _ _ _ _ _ _ _ _ _ _ _ _ _ _ _ _ _ _ _ _ _ _ _ _ _ _ _ _ _ _ _ _ _ _ _ _ _ _ _ _ _ _ _ _ _ _ _ _ _ _ _ _ _ _ _ _ _ _ _ _ _ _ _ _ _ \n\nself = <selenium.webdriver.remote.errorhandler.ErrorHandler object at 0x00000212E043FC50>\nresponse = {'status': 404, 'value': '{\"value\":{\"error\":\"no such element\",\"message\":\"no such element: Unable to locate element: {\\...dInitThunk [0x75547BA9+25]\\\\n\\\\tRtlInitializeExceptionChain [0x7732BD2B+107]\\\\n\\\\tRtlClearBits [0x7732BCAF+191]\\\\n\"}}'}\n\n    def check_response(self, response: Dict[str, Any]) -> None:\n        \"\"\"Checks that a JSON response from the WebDriver does not have an\n        error.\n    \n        :Args:\n         - response - The JSON response from the WebDriver server as a dictionary\n           object.\n    \n        :Raises: If the response contains an error message.\n        \"\"\"\n        status = response.get(\"status\", None)\n        if not status or status == ErrorCode.SUCCESS:\n            return\n        value = None\n        message = response.get(\"message\", \"\")\n        screen: str = response.get(\"screen\", \"\")\n        stacktrace = None\n        if isinstance(status, int):\n            value_json = response.get(\"value\", None)\n            if value_json and isinstance(value_json, str):\n                import json\n    \n                try:\n                    value = json.loads(value_json)\n                    if len(value) == 1:\n                        value = value[\"value\"]\n                    status = value.get(\"error\", None)\n                    if not status:\n                        status = value.get(\"status\", ErrorCode.UNKNOWN_ERROR)\n                        message = value.get(\"value\") or value.get(\"message\")\n                        if not isinstance(message, str):\n                            value = message\n                            message = message.get(\"message\")\n                    else:\n                        message = value.get(\"message\", None)\n                except ValueError:\n                    pass\n    \n        exception_class: Type[WebDriverException]\n        e = ErrorCode()\n        error_codes = [item for item in dir(e) if not item.startswith(\"__\")]\n        for error_code in error_codes:\n            error_info = getattr(ErrorCode, error_code)\n            if isinstance(error_info, list) and status in error_info:\n                exception_class = getattr(ExceptionMapping, error_code, WebDriverException)\n                break\n        else:\n            exception_class = WebDriverException\n    \n        if not value:\n            value = response[\"value\"]\n        if isinstance(value, str):\n            raise exception_class(value)\n        if message == \"\" and \"message\" in value:\n            message = value[\"message\"]\n    \n        screen = None  # type: ignore[assignment]\n        if \"screen\" in value:\n            screen = value[\"screen\"]\n    \n        stacktrace = None\n        st_value = value.get(\"stackTrace\") or value.get(\"stacktrace\")\n        if st_value:\n            if isinstance(st_value, str):\n                stacktrace = st_value.split(\"\\n\")\n            else:\n                stacktrace = []\n                try:\n                    for frame in st_value:\n                        line = frame.get(\"lineNumber\", \"\")\n                        file = frame.get(\"fileName\", \"<anonymous>\")\n                        if line:\n                            file = f\"{file}:{line}\"\n                        meth = frame.get(\"methodName\", \"<anonymous>\")\n                        if \"className\" in frame:\n                            meth = f\"{frame['className']}.{meth}\"\n                        msg = \"    at %s (%s)\"\n                        msg = msg % (meth, file)\n                        stacktrace.append(msg)\n                except TypeError:\n                    pass\n        if exception_class == UnexpectedAlertPresentException:\n            alert_text = None\n            if \"data\" in value:\n                alert_text = value[\"data\"].get(\"text\")\n            elif \"alert\" in value:\n                alert_text = value[\"alert\"].get(\"text\")\n            raise exception_class(message, screen, stacktrace, alert_text)  # type: ignore[call-arg]  # mypy is not smart enough here\n>       raise exception_class(message, screen, stacktrace)\nE       selenium.common.exceptions.NoSuchElementException: Message: no such element: Unable to locate element: {\"method\":\"css selector\",\"selector\":\"[class=\"form-control \"]\"}\nE         (Session info: chrome=120.0.6099.130); For documentation on this error, please visit: https://www.selenium.dev/documentation/webdriver/troubleshooting/errors#no-such-element-exception\nE       Stacktrace:\nE       \tGetHandleVerifier [0x00E76EE3+174339]\nE       \t(No symbol) [0x00DA0A51]\nE       \t(No symbol) [0x00AB6FF6]\nE       \t(No symbol) [0x00AE9876]\nE       \t(No symbol) [0x00AE9C2C]\nE       \t(No symbol) [0x00B1BD42]\nE       \t(No symbol) [0x00B07054]\nE       \t(No symbol) [0x00B1A104]\nE       \t(No symbol) [0x00B06DA6]\nE       \t(No symbol) [0x00AE1034]\nE       \t(No symbol) [0x00AE1F8D]\nE       \tGetHandleVerifier [0x00F14B1C+820540]\nE       \tsqlite3_dbdata_init [0x00FD53EE+653550]\nE       \tsqlite3_dbdata_init [0x00FD4E09+652041]\nE       \tsqlite3_dbdata_init [0x00FC97CC+605388]\nE       \tsqlite3_dbdata_init [0x00FD5D9B+656027]\nE       \t(No symbol) [0x00DAFE6C]\nE       \t(No symbol) [0x00DA83B8]\nE       \t(No symbol) [0x00DA84DD]\nE       \t(No symbol) [0x00D95818]\nE       \tBaseThreadInitThunk [0x75547BA9+25]\nE       \tRtlInitializeExceptionChain [0x7732BD2B+107]\nE       \tRtlClearBits [0x7732BCAF+191]\n\nvenv\\Lib\\site-packages\\selenium\\webdriver\\remote\\errorhandler.py:229: NoSuchElementException"}, "start": 1704226713572, "stop": 1704226730605, "uuid": "26264b87-9da0-419d-9866-3b6a511c8773", "historyId": "ee5338e4251990d5bf6ed0c784d0e24c", "testCaseId": "ee5338e4251990d5bf6ed0c784d0e24c", "fullName": "tests.test_registration.RegistrationTests#test_resend_verification_code", "labels": [{"name": "parentSuite", "value": "tests"}, {"name": "suite", "value": "test_registration"}, {"name": "subSuite", "value": "RegistrationTests"}, {"name": "host", "value": "Shalev"}, {"name": "thread", "value": "3752-MainThread"}, {"name": "framework", "value": "pytest"}, {"name": "language", "value": "cpython3"}, {"name": "package", "value": "tests.test_registration"}]}